2024-10-01 00:09:20.579 [info] Extension host with pid 3716 started
2024-10-01 00:09:20.604 [info] ExtensionService#_doActivateExtension vscode.git-base, startup: true, activationEvent: '*'
2024-10-01 00:09:20.610 [info] Lock '/home/student/.vscode-server/data/User/workspaceStorage/6d57a7ed3693a4ec8309f8f20ddb1b99/vscode.lock': Lock acquired.
2024-10-01 00:09:20.654 [info] ExtensionService#_doActivateExtension vscode.github, startup: true, activationEvent: '*'
2024-10-01 00:09:20.699 [info] Eager extensions activated
2024-10-01 00:09:20.699 [info] ExtensionService#_doActivateExtension vscode.debug-auto-launch, startup: false, activationEvent: 'onStartupFinished'
2024-10-01 00:09:20.700 [info] ExtensionService#_doActivateExtension vscode.merge-conflict, startup: false, activationEvent: 'onStartupFinished'
2024-10-01 00:09:24.398 [info] ExtensionService#_doActivateExtension vscode.git, startup: false, activationEvent: 'api', root cause: vscode.github
2024-10-01 00:10:03.993 [info] ExtensionService#_doActivateExtension vscode.emmet, startup: false, activationEvent: 'onLanguage'
2024-10-01 00:11:03.377 [info] ExtensionService#_doActivateExtension golang.go, startup: false, activationEvent: 'onCommand:go.tools.install'
2024-10-01 00:11:35.792 [error] [golang.go] provider FAILED
2024-10-01 00:11:35.793 [error] Error: semantictokens are disabled
	at handleResponse (/home/student/.vscode-server/extensions/golang.go-0.42.1/dist/goMain.js:8606:40)
	at handleMessage (/home/student/.vscode-server/extensions/golang.go-0.42.1/dist/goMain.js:8416:11)
	at processMessageQueue (/home/student/.vscode-server/extensions/golang.go-0.42.1/dist/goMain.js:8431:13)
	at Immediate.<anonymous> (/home/student/.vscode-server/extensions/golang.go-0.42.1/dist/goMain.js:8407:11)
	at process.processImmediate (node:internal/timers:476:21)
2024-10-01 00:11:35.793 [error] [golang.go] provider FAILED
2024-10-01 00:11:35.793 [error] Error: semantictokens are disabled
	at handleResponse (/home/student/.vscode-server/extensions/golang.go-0.42.1/dist/goMain.js:8606:40)
	at handleMessage (/home/student/.vscode-server/extensions/golang.go-0.42.1/dist/goMain.js:8416:11)
	at processMessageQueue (/home/student/.vscode-server/extensions/golang.go-0.42.1/dist/goMain.js:8431:13)
	at Immediate.<anonymous> (/home/student/.vscode-server/extensions/golang.go-0.42.1/dist/goMain.js:8407:11)
	at process.processImmediate (node:internal/timers:476:21)
2024-10-01 00:48:56.491 [error] [golang.go] provider FAILED
2024-10-01 00:48:56.492 [error] Error: semantictokens are disabled
	at handleResponse (/home/student/.vscode-server/extensions/golang.go-0.42.1/dist/goMain.js:8606:40)
	at handleMessage (/home/student/.vscode-server/extensions/golang.go-0.42.1/dist/goMain.js:8416:11)
	at processMessageQueue (/home/student/.vscode-server/extensions/golang.go-0.42.1/dist/goMain.js:8431:13)
	at Immediate.<anonymous> (/home/student/.vscode-server/extensions/golang.go-0.42.1/dist/goMain.js:8407:11)
	at process.processImmediate (node:internal/timers:476:21)
2024-10-01 00:48:56.644 [error] [golang.go] provider FAILED
2024-10-01 00:48:56.644 [error] Error: semantictokens are disabled
	at handleResponse (/home/student/.vscode-server/extensions/golang.go-0.42.1/dist/goMain.js:8606:40)
	at handleMessage (/home/student/.vscode-server/extensions/golang.go-0.42.1/dist/goMain.js:8416:11)
	at processMessageQueue (/home/student/.vscode-server/extensions/golang.go-0.42.1/dist/goMain.js:8431:13)
	at Immediate.<anonymous> (/home/student/.vscode-server/extensions/golang.go-0.42.1/dist/goMain.js:8407:11)
	at process.processImmediate (node:internal/timers:476:21)
2024-10-01 00:48:57.060 [error] [golang.go] provider FAILED
2024-10-01 00:48:57.060 [error] Error: semantictokens are disabled
	at handleResponse (/home/student/.vscode-server/extensions/golang.go-0.42.1/dist/goMain.js:8606:40)
	at handleMessage (/home/student/.vscode-server/extensions/golang.go-0.42.1/dist/goMain.js:8416:11)
	at processMessageQueue (/home/student/.vscode-server/extensions/golang.go-0.42.1/dist/goMain.js:8431:13)
	at Immediate.<anonymous> (/home/student/.vscode-server/extensions/golang.go-0.42.1/dist/goMain.js:8407:11)
	at process.processImmediate (node:internal/timers:476:21)
2024-10-01 00:48:57.353 [error] [golang.go] provider FAILED
2024-10-01 00:48:57.353 [error] Error: semantictokens are disabled
	at handleResponse (/home/student/.vscode-server/extensions/golang.go-0.42.1/dist/goMain.js:8606:40)
	at handleMessage (/home/student/.vscode-server/extensions/golang.go-0.42.1/dist/goMain.js:8416:11)
	at processMessageQueue (/home/student/.vscode-server/extensions/golang.go-0.42.1/dist/goMain.js:8431:13)
	at Immediate.<anonymous> (/home/student/.vscode-server/extensions/golang.go-0.42.1/dist/goMain.js:8407:11)
	at process.processImmediate (node:internal/timers:476:21)
2024-10-01 00:49:04.162 [error] [golang.go] provider FAILED
2024-10-01 00:49:04.162 [error] Error: semantictokens are disabled
	at handleResponse (/home/student/.vscode-server/extensions/golang.go-0.42.1/dist/goMain.js:8606:40)
	at handleMessage (/home/student/.vscode-server/extensions/golang.go-0.42.1/dist/goMain.js:8416:11)
	at processMessageQueue (/home/student/.vscode-server/extensions/golang.go-0.42.1/dist/goMain.js:8431:13)
	at Immediate.<anonymous> (/home/student/.vscode-server/extensions/golang.go-0.42.1/dist/goMain.js:8407:11)
	at process.processImmediate (node:internal/timers:476:21)
2024-10-01 00:49:04.177 [error] [golang.go] provider FAILED
2024-10-01 00:49:04.177 [error] Error: semantictokens are disabled
	at handleResponse (/home/student/.vscode-server/extensions/golang.go-0.42.1/dist/goMain.js:8606:40)
	at handleMessage (/home/student/.vscode-server/extensions/golang.go-0.42.1/dist/goMain.js:8416:11)
	at processMessageQueue (/home/student/.vscode-server/extensions/golang.go-0.42.1/dist/goMain.js:8431:13)
	at Immediate.<anonymous> (/home/student/.vscode-server/extensions/golang.go-0.42.1/dist/goMain.js:8407:11)
	at process.processImmediate (node:internal/timers:476:21)
2024-10-01 10:50:58.880 [error] [golang.go] provider FAILED
2024-10-01 10:50:58.881 [error] Error: semantictokens are disabled
	at handleResponse (/home/student/.vscode-server/extensions/golang.go-0.42.1/dist/goMain.js:8606:40)
	at handleMessage (/home/student/.vscode-server/extensions/golang.go-0.42.1/dist/goMain.js:8416:11)
	at processMessageQueue (/home/student/.vscode-server/extensions/golang.go-0.42.1/dist/goMain.js:8431:13)
	at Immediate.<anonymous> (/home/student/.vscode-server/extensions/golang.go-0.42.1/dist/goMain.js:8407:11)
	at process.processImmediate (node:internal/timers:476:21)
2024-10-01 11:45:07.322 [info] Extension host terminating: received terminate message from renderer
2024-10-01 11:45:07.323 [info] Lock '/home/student/.vscode-server/data/User/workspaceStorage/6d57a7ed3693a4ec8309f8f20ddb1b99/vscode.lock': Marking the lockfile as scheduled to be released in 6000 ms.
2024-10-01 11:45:07.357 [info] Extension host with pid 3716 exiting with code 0
