2024-10-04 23:08:39.120 [info] [main] Log level: Info
2024-10-04 23:08:39.120 [info] [main] Validating found git in: "git"
2024-10-04 23:08:39.120 [info] [main] Using git "2.25.1" from "git"
2024-10-04 23:08:39.120 [info] [Model][doInitialScan] Initial repository scan started
2024-10-04 23:08:39.124 [info] > git rev-parse --show-toplevel [3ms]
2024-10-04 23:08:39.124 [info] fatal: not a git repository (or any of the parent directories): .git
2024-10-04 23:08:39.143 [info] > git rev-parse --show-toplevel [1ms]
2024-10-04 23:08:39.143 [info] fatal: not a git repository (or any of the parent directories): .git
2024-10-04 23:08:39.146 [info] > git rev-parse --show-toplevel [1ms]
2024-10-04 23:08:39.146 [info] fatal: not a git repository (or any of the parent directories): .git
2024-10-04 23:08:39.149 [info] [Model][doInitialScan] Initial repository scan completed - repositories (0), closed repositories (0), parent repositories (0), unsafe repositories (0)
2024-10-04 23:08:40.707 [info] > git rev-parse --show-toplevel [3ms]
2024-10-04 23:08:40.707 [info] fatal: not a git repository (or any of the parent directories): .git
2024-10-04 23:09:12.994 [info] > git rev-parse --show-toplevel [2ms]
2024-10-04 23:09:12.994 [info] fatal: not a git repository (or any of the parent directories): .git
2024-10-04 23:09:18.244 [info] > git rev-parse --show-toplevel [1ms]
2024-10-04 23:09:18.244 [info] fatal: not a git repository (or any of the parent directories): .git
2024-10-04 23:09:24.940 [info] > git rev-parse --show-toplevel [1ms]
2024-10-04 23:09:24.940 [info] fatal: not a git repository (or any of the parent directories): .git
2024-10-04 23:09:28.227 [info] > git rev-parse --show-toplevel [1ms]
2024-10-04 23:09:28.227 [info] fatal: not a git repository (or any of the parent directories): .git
2024-10-04 23:10:40.914 [info] > git rev-parse --show-toplevel [1ms]
2024-10-04 23:10:40.914 [info] fatal: not a git repository (or any of the parent directories): .git
2024-10-04 23:12:43.494 [info] > git rev-parse --show-toplevel [1ms]
2024-10-04 23:12:43.494 [info] fatal: not a git repository (or any of the parent directories): .git
2024-10-04 23:14:22.702 [info] > git rev-parse --show-toplevel [1ms]
2024-10-04 23:14:22.702 [info] fatal: not a git repository (or any of the parent directories): .git
2024-10-04 23:14:57.777 [info] > git rev-parse --show-toplevel [1ms]
2024-10-04 23:14:57.777 [info] fatal: not a git repository (or any of the parent directories): .git
2024-10-04 23:24:22.943 [info] > git rev-parse --show-toplevel [11ms]
2024-10-04 23:24:22.943 [info] fatal: not a git repository (or any of the parent directories): .git
2024-10-04 23:26:51.730 [info] > git rev-parse --show-toplevel [1ms]
2024-10-04 23:26:51.730 [info] fatal: not a git repository (or any of the parent directories): .git
2024-10-04 23:27:26.149 [info] > git rev-parse --show-toplevel [1ms]
2024-10-04 23:27:26.149 [info] fatal: not a git repository (or any of the parent directories): .git
2024-10-04 23:43:02.503 [info] > git rev-parse --show-toplevel [1ms]
2024-10-04 23:43:02.503 [info] fatal: not a git repository (or any of the parent directories): .git
2024-10-04 23:43:10.907 [info] > git rev-parse --show-toplevel [1ms]
2024-10-04 23:43:10.908 [info] fatal: not a git repository (or any of the parent directories): .git
2024-10-04 23:44:33.375 [info] > git rev-parse --show-toplevel [1ms]
2024-10-04 23:44:33.375 [info] fatal: not a git repository (or any of the parent directories): .git
2024-10-04 23:46:23.433 [info] > git rev-parse --show-toplevel [1ms]
2024-10-04 23:46:23.433 [info] fatal: not a git repository (or any of the parent directories): .git
2024-10-04 23:46:47.557 [info] > git rev-parse --show-toplevel [1ms]
2024-10-04 23:46:47.557 [info] fatal: not a git repository (or any of the parent directories): .git
2024-10-04 23:48:23.342 [info] > git rev-parse --show-toplevel [1ms]
2024-10-04 23:48:23.342 [info] fatal: not a git repository (or any of the parent directories): .git
2024-10-04 23:49:11.797 [info] > git rev-parse --show-toplevel [1ms]
2024-10-04 23:49:11.797 [info] fatal: not a git repository (or any of the parent directories): .git
2024-10-04 23:53:24.183 [info] > git rev-parse --show-toplevel [1ms]
2024-10-04 23:53:24.183 [info] fatal: not a git repository (or any of the parent directories): .git
2024-10-04 23:53:36.342 [info] > git rev-parse --show-toplevel [1ms]
2024-10-04 23:53:36.342 [info] fatal: not a git repository (or any of the parent directories): .git
2024-10-05 00:03:33.555 [info] > git rev-parse --show-toplevel [2ms]
2024-10-05 00:03:33.555 [info] fatal: not a git repository (or any of the parent directories): .git
2024-10-05 00:03:38.848 [info] > git rev-parse --show-toplevel [1ms]
2024-10-05 00:03:38.848 [info] fatal: not a git repository (or any of the parent directories): .git
2024-10-05 00:03:44.763 [info] > git rev-parse --show-toplevel [2ms]
2024-10-05 00:03:44.763 [info] fatal: not a git repository (or any of the parent directories): .git
2024-10-05 00:05:56.613 [info] > git rev-parse --show-toplevel [1ms]
2024-10-05 00:05:56.613 [info] fatal: not a git repository (or any of the parent directories): .git
2024-10-05 00:05:58.676 [info] > git rev-parse --show-toplevel [1ms]
2024-10-05 00:05:58.676 [info] fatal: not a git repository (or any of the parent directories): .git
2024-10-05 00:07:17.394 [info] > git rev-parse --show-toplevel [1ms]
2024-10-05 00:07:17.394 [info] fatal: not a git repository (or any of the parent directories): .git
2024-10-05 00:07:18.382 [info] > git rev-parse --show-toplevel [1ms]
2024-10-05 00:07:18.382 [info] fatal: not a git repository (or any of the parent directories): .git
2024-10-05 00:07:27.507 [info] > git rev-parse --show-toplevel [1ms]
2024-10-05 00:07:27.507 [info] fatal: not a git repository (or any of the parent directories): .git
2024-10-05 00:07:31.604 [info] > git rev-parse --show-toplevel [1ms]
2024-10-05 00:07:31.604 [info] fatal: not a git repository (or any of the parent directories): .git
2024-10-05 00:07:57.556 [info] > git rev-parse --show-toplevel [1ms]
2024-10-05 00:07:57.556 [info] fatal: not a git repository (or any of the parent directories): .git
2024-10-05 00:08:05.591 [info] > git rev-parse --show-toplevel [1ms]
2024-10-05 00:08:05.591 [info] fatal: not a git repository (or any of the parent directories): .git
2024-10-05 00:10:10.408 [info] > git rev-parse --show-toplevel [1ms]
2024-10-05 00:10:10.408 [info] fatal: not a git repository (or any of the parent directories): .git
2024-10-05 00:11:00.125 [info] > git rev-parse --show-toplevel [1ms]
2024-10-05 00:11:00.125 [info] fatal: not a git repository (or any of the parent directories): .git
2024-10-05 00:20:17.724 [info] > git rev-parse --show-toplevel [2ms]
2024-10-05 00:20:17.725 [info] fatal: not a git repository (or any of the parent directories): .git
2024-10-05 00:20:34.676 [info] > git rev-parse --show-toplevel [1ms]
2024-10-05 00:20:34.676 [info] fatal: not a git repository (or any of the parent directories): .git
2024-10-05 00:21:53.480 [info] > git rev-parse --show-toplevel [1ms]
2024-10-05 00:21:53.480 [info] fatal: not a git repository (or any of the parent directories): .git
2024-10-05 00:21:54.763 [info] > git rev-parse --show-toplevel [1ms]
2024-10-05 00:21:54.763 [info] fatal: not a git repository (or any of the parent directories): .git
2024-10-05 00:21:56.963 [info] > git rev-parse --show-toplevel [1ms]
2024-10-05 00:21:56.963 [info] fatal: not a git repository (or any of the parent directories): .git
2024-10-05 00:21:59.378 [info] > git rev-parse --show-toplevel [1ms]
2024-10-05 00:21:59.378 [info] fatal: not a git repository (or any of the parent directories): .git
2024-10-05 00:27:51.182 [info] > git rev-parse --show-toplevel [2ms]
2024-10-05 00:27:51.182 [info] fatal: not a git repository (or any of the parent directories): .git
2024-10-05 00:32:15.069 [info] > git rev-parse --show-toplevel [2ms]
2024-10-05 00:32:15.069 [info] fatal: not a git repository (or any of the parent directories): .git
2024-10-05 00:33:05.872 [info] > git rev-parse --show-toplevel [1ms]
2024-10-05 00:33:05.873 [info] fatal: not a git repository (or any of the parent directories): .git
2024-10-05 01:04:28.063 [info] > git rev-parse --show-toplevel [1ms]
2024-10-05 01:04:28.063 [info] fatal: not a git repository (or any of the parent directories): .git
2024-10-05 01:04:31.191 [info] > git rev-parse --show-toplevel [1ms]
2024-10-05 01:04:31.191 [info] fatal: not a git repository (or any of the parent directories): .git
2024-10-05 01:04:33.130 [info] > git rev-parse --show-toplevel [1ms]
2024-10-05 01:04:33.130 [info] fatal: not a git repository (or any of the parent directories): .git
2024-10-05 01:04:58.415 [info] > git rev-parse --show-toplevel [1ms]
2024-10-05 01:04:58.415 [info] fatal: not a git repository (or any of the parent directories): .git
2024-10-05 01:05:12.050 [info] > git rev-parse --show-toplevel [1ms]
2024-10-05 01:05:12.050 [info] fatal: not a git repository (or any of the parent directories): .git
2024-10-05 01:05:13.345 [info] > git rev-parse --show-toplevel [1ms]
2024-10-05 01:05:13.345 [info] fatal: not a git repository (or any of the parent directories): .git
2024-10-05 01:05:38.566 [info] > git rev-parse --show-toplevel [1ms]
2024-10-05 01:05:38.566 [info] fatal: not a git repository (or any of the parent directories): .git
2024-10-05 01:06:55.374 [info] > git rev-parse --show-toplevel [16ms]
2024-10-05 01:06:55.375 [info] fatal: not a git repository (or any of the parent directories): .git
2024-10-05 01:18:14.659 [info] > git rev-parse --show-toplevel [2ms]
2024-10-05 01:18:14.659 [info] fatal: not a git repository (or any of the parent directories): .git
2024-10-05 01:18:21.562 [info] > git rev-parse --show-toplevel [0ms]
2024-10-05 01:18:21.562 [info] fatal: not a git repository (or any of the parent directories): .git
2024-10-05 01:18:28.887 [info] > git rev-parse --show-toplevel [0ms]
2024-10-05 01:18:28.887 [info] fatal: not a git repository (or any of the parent directories): .git
2024-10-05 01:18:58.601 [info] > git rev-parse --show-toplevel [1ms]
2024-10-05 01:18:58.601 [info] fatal: not a git repository (or any of the parent directories): .git
2024-10-05 01:19:15.415 [info] > git rev-parse --show-toplevel [2ms]
2024-10-05 01:19:15.415 [info] fatal: not a git repository (or any of the parent directories): .git
2024-10-05 01:21:00.253 [info] > git rev-parse --show-toplevel [1ms]
2024-10-05 01:21:00.253 [info] fatal: not a git repository (or any of the parent directories): .git
2024-10-05 01:21:55.674 [info] > git rev-parse --show-toplevel [14ms]
2024-10-05 01:21:55.674 [info] fatal: not a git repository (or any of the parent directories): .git
2024-10-05 01:22:13.316 [info] > git rev-parse --show-toplevel [1ms]
2024-10-05 01:22:13.316 [info] fatal: not a git repository (or any of the parent directories): .git
2024-10-05 01:22:16.496 [info] > git rev-parse --show-toplevel [1ms]
2024-10-05 01:22:16.496 [info] fatal: not a git repository (or any of the parent directories): .git
2024-10-05 01:22:31.305 [info] > git rev-parse --show-toplevel [1ms]
2024-10-05 01:22:31.305 [info] fatal: not a git repository (or any of the parent directories): .git
2024-10-05 01:24:30.267 [info] > git rev-parse --show-toplevel [2ms]
2024-10-05 01:24:30.267 [info] fatal: not a git repository (or any of the parent directories): .git
2024-10-05 01:24:33.163 [info] > git rev-parse --show-toplevel [2ms]
2024-10-05 01:24:33.163 [info] fatal: not a git repository (or any of the parent directories): .git
2024-10-05 01:24:34.349 [info] > git rev-parse --show-toplevel [1ms]
2024-10-05 01:24:34.349 [info] fatal: not a git repository (or any of the parent directories): .git
2024-10-05 01:33:56.047 [info] > git rev-parse --show-toplevel [2ms]
2024-10-05 01:33:56.047 [info] fatal: not a git repository (or any of the parent directories): .git
2024-10-05 01:34:06.678 [info] > git rev-parse --show-toplevel [0ms]
2024-10-05 01:34:06.678 [info] fatal: not a git repository (or any of the parent directories): .git
2024-10-05 22:14:50.035 [info] > git rev-parse --show-toplevel [12ms]
2024-10-05 22:14:50.035 [info] fatal: not a git repository (or any of the parent directories): .git
2024-10-05 22:15:14.102 [info] > git rev-parse --show-toplevel [1ms]
2024-10-05 22:15:14.102 [info] fatal: not a git repository (or any of the parent directories): .git
