2024-10-04 23:08:38.780 [info] Try to start language server - activation (enabled: true)
2024-10-04 23:08:38.880 [info] Running language server gopls(v0.13.2/go1.21.1)
2024-10-04 23:13:56.116 [info] Running checks...
2024-10-04 23:13:56.116 [info] Starting linting the current package at /home/student/hw1/cmd
2024-10-04 23:13:56.452 [info] /home/student/hw1/cmd>Finished running tool: /home/student/go/bin/staticcheck
2024-10-04 23:13:56.452 [info] 
2024-10-04 23:14:16.207 [info] Running checks...
2024-10-04 23:14:16.207 [info] Starting linting the current package at /home/student/hw1/cmd
2024-10-04 23:14:16.470 [info] /home/student/hw1/cmd>Finished running tool: /home/student/go/bin/staticcheck
2024-10-04 23:14:16.470 [info] 
2024-10-04 23:15:31.553 [info] Running checks...
2024-10-04 23:15:31.553 [info] Starting linting the current package at /home/student/hw1/cmd
2024-10-04 23:15:31.805 [info] /home/student/hw1/cmd>Finished running tool: /home/student/go/bin/staticcheck
2024-10-04 23:15:31.805 [info] 
2024-10-04 23:16:20.435 [info] Running checks...
2024-10-04 23:16:20.435 [info] Starting linting the current package at /home/student/hw1/cmd
2024-10-04 23:16:20.750 [info] /home/student/hw1/cmd>Finished running tool: /home/student/go/bin/staticcheck
2024-10-04 23:16:20.750 [info] 
2024-10-04 23:16:38.016 [info] Running checks...
2024-10-04 23:16:38.016 [info] Starting linting the current package at /home/student/hw1/cmd
2024-10-04 23:16:38.304 [info] /home/student/hw1/cmd>Finished running tool: /home/student/go/bin/staticcheck
2024-10-04 23:16:38.304 [info] 
2024-10-04 23:18:31.613 [info] Running checks...
2024-10-04 23:18:31.614 [info] Starting linting the current package at /home/student/hw1/cmd
2024-10-04 23:18:32.115 [info] /home/student/hw1/cmd>Finished running tool: /home/student/go/bin/staticcheck
2024-10-04 23:18:32.115 [info] /home/student/hw1/cmd/main.go:10:14 identical expressions on the left and right side of the '==' operator (SA4000)
2024-10-04 23:18:32.115 [info] 
2024-10-04 23:21:01.870 [info] Running checks...
2024-10-04 23:21:01.870 [info] Starting linting the current package at /home/student/hw1/cmd
2024-10-04 23:21:02.144 [info] /home/student/hw1/cmd>Finished running tool: /home/student/go/bin/staticcheck
2024-10-04 23:21:02.144 [info] 
2024-10-04 23:21:03.656 [info] Running checks...
2024-10-04 23:21:03.656 [info] Starting linting the current package at /home/student/hw1/cmd
2024-10-04 23:21:03.911 [info] /home/student/hw1/cmd>Finished running tool: /home/student/go/bin/staticcheck
2024-10-04 23:21:03.911 [info] 
2024-10-05 00:03:36.529 [info] Running checks...
2024-10-05 00:03:36.529 [info] Starting linting the current package at /home/student/hw1/internal/pkg
2024-10-05 00:03:36.889 [info] /home/student/hw1/internal/pkg>Finished running tool: /home/student/go/bin/staticcheck
2024-10-05 00:03:36.889 [info] 
2024-10-05 00:03:37.402 [info] Running checks...
2024-10-05 00:03:37.402 [info] Starting linting the current package at /home/student/hw1/internal/pkg
2024-10-05 00:03:37.628 [info] /home/student/hw1/internal/pkg>Finished running tool: /home/student/go/bin/staticcheck
2024-10-05 00:03:37.628 [info] 
2024-10-05 00:07:16.219 [info] Running checks...
2024-10-05 00:07:16.219 [info] Starting linting the current package at /home/student/hw1/cmd
2024-10-05 00:07:16.486 [info] /home/student/hw1/cmd>Finished running tool: /home/student/go/bin/staticcheck
2024-10-05 00:07:16.486 [info] /home/student/hw1/cmd/main.go:10:3 unknown field inner in struct literal of type storage.Storage (compile)
2024-10-05 00:07:16.486 [info] 
2024-10-05 00:07:17.769 [info] Running checks...
2024-10-05 00:07:17.769 [info] Starting linting the current package at /home/student/hw1/internal/pkg
2024-10-05 00:07:18.018 [info] /home/student/hw1/internal/pkg>Finished running tool: /home/student/go/bin/staticcheck
2024-10-05 00:07:18.018 [info] 
2024-10-05 00:07:18.725 [info] Running checks...
2024-10-05 00:07:18.725 [info] Starting linting the current package at /home/student/hw1/cmd
2024-10-05 00:07:18.944 [info] /home/student/hw1/cmd>Finished running tool: /home/student/go/bin/staticcheck
2024-10-05 00:07:18.944 [info] /home/student/hw1/cmd/main.go:10:3 unknown field inner in struct literal of type storage.Storage (compile)
2024-10-05 00:07:18.944 [info] 
2024-10-05 00:07:30.339 [info] Running checks...
2024-10-05 00:07:30.339 [info] Starting linting the current package at /home/student/hw1/internal/pkg
2024-10-05 00:07:30.558 [info] /home/student/hw1/internal/pkg>Finished running tool: /home/student/go/bin/staticcheck
2024-10-05 00:07:30.558 [info] 
2024-10-05 00:21:58.395 [info] Running checks...
2024-10-05 00:21:58.395 [info] Starting linting the current package at /home/student/hw1/internal/pkg
2024-10-05 00:21:58.648 [info] /home/student/hw1/internal/pkg>Finished running tool: /home/student/go/bin/staticcheck
2024-10-05 00:21:58.648 [info] 
2024-10-05 00:22:01.121 [info] Running checks...
2024-10-05 00:22:01.121 [info] Starting linting the current package at /home/student/hw1/cmd
2024-10-05 00:22:01.356 [info] /home/student/hw1/cmd>Finished running tool: /home/student/go/bin/staticcheck
2024-10-05 00:22:01.357 [info] 
2024-10-05 00:22:45.046 [info] Running checks...
2024-10-05 00:22:45.046 [info] Starting linting the current package at /home/student/hw1/cmd
2024-10-05 00:22:45.315 [info] /home/student/hw1/cmd>Finished running tool: /home/student/go/bin/staticcheck
2024-10-05 00:22:45.315 [info] 
2024-10-05 00:24:18.706 [info] Running checks...
2024-10-05 00:24:18.706 [info] Starting linting the current package at /home/student/hw1/cmd
2024-10-05 00:24:18.960 [info] /home/student/hw1/cmd>Finished running tool: /home/student/go/bin/staticcheck
2024-10-05 00:24:18.960 [info] 
2024-10-05 00:24:50.721 [info] Running checks...
2024-10-05 00:24:50.721 [info] Starting linting the current package at /home/student/hw1/cmd
2024-10-05 00:24:51.020 [info] /home/student/hw1/cmd>Finished running tool: /home/student/go/bin/staticcheck
2024-10-05 00:24:51.020 [info] 
2024-10-05 00:26:42.200 [info] Running checks...
2024-10-05 00:26:42.200 [info] Starting linting the current package at /home/student/hw1/cmd
2024-10-05 00:26:42.476 [info] /home/student/hw1/cmd>Finished running tool: /home/student/go/bin/staticcheck
2024-10-05 00:26:42.476 [info] 
2024-10-05 00:27:25.915 [info] Running checks...
2024-10-05 00:27:25.915 [info] Starting linting the current package at /home/student/hw1/cmd
2024-10-05 00:27:26.169 [info] /home/student/hw1/cmd>Finished running tool: /home/student/go/bin/staticcheck
2024-10-05 00:27:26.169 [info] 
2024-10-05 00:27:31.755 [info] Running checks...
2024-10-05 00:27:31.755 [info] Starting linting the current package at /home/student/hw1/cmd
2024-10-05 00:27:32.013 [info] /home/student/hw1/cmd>Finished running tool: /home/student/go/bin/staticcheck
2024-10-05 00:27:32.013 [info] 
2024-10-05 00:27:42.500 [info] Running checks...
2024-10-05 00:27:42.500 [info] Starting linting the current package at /home/student/hw1/cmd
2024-10-05 00:27:42.782 [info] /home/student/hw1/cmd>Finished running tool: /home/student/go/bin/staticcheck
2024-10-05 00:27:42.782 [info] 
2024-10-05 00:32:21.015 [info] Running checks...
2024-10-05 00:32:21.015 [info] Starting linting the current package at /home/student/hw1/cmd
2024-10-05 00:32:21.284 [info] /home/student/hw1/cmd>Finished running tool: /home/student/go/bin/staticcheck
2024-10-05 00:32:21.284 [info] 
2024-10-05 01:17:58.002 [info] Running checks...
2024-10-05 01:17:58.003 [info] Starting linting the current package at /home/student/hw1/internal/pkg
2024-10-05 01:17:58.318 [info] /home/student/hw1/internal/pkg>Finished running tool: /home/student/go/bin/staticcheck
2024-10-05 01:17:58.318 [info] /home/student/hw1/internal/pkg/storage.go:6:2 no required module provides package go.uber.org/zap; to add it:
2024-10-05 01:17:58.318 [info] 
2024-10-05 01:18:00.260 [info] Running checks...
2024-10-05 01:18:00.260 [info] Starting linting the current package at /home/student/hw1/internal/pkg
2024-10-05 01:18:00.519 [info] /home/student/hw1/internal/pkg>Finished running tool: /home/student/go/bin/staticcheck
2024-10-05 01:18:00.519 [info] /home/student/hw1/internal/pkg/storage.go:6:2 no required module provides package go.uber.org/zap; to add it:
2024-10-05 01:18:00.519 [info] 
2024-10-05 01:18:10.291 [info] Running checks...
2024-10-05 01:18:10.291 [info] Starting linting the current package at /home/student/hw1/internal/pkg
2024-10-05 01:18:10.515 [info] /home/student/hw1/internal/pkg>Finished running tool: /home/student/go/bin/staticcheck
2024-10-05 01:18:10.515 [info] /home/student/hw1/internal/pkg/storage.go:6:2 no required module provides package go.uber.org/zap; to add it:
2024-10-05 01:18:10.515 [info] 
2024-10-05 01:18:13.133 [info] Running checks...
2024-10-05 01:18:13.133 [info] Starting linting the current package at /home/student/hw1/internal/pkg
2024-10-05 01:18:13.356 [info] /home/student/hw1/internal/pkg>Finished running tool: /home/student/go/bin/staticcheck
2024-10-05 01:18:13.356 [info] /home/student/hw1/internal/pkg/storage.go:6:2 no required module provides package go.uber.org/zap; to add it:
2024-10-05 01:18:13.356 [info] 
2024-10-05 01:18:16.263 [info] Running checks...
2024-10-05 01:18:16.263 [info] Starting linting the current package at /home/student/hw1/cmd
2024-10-05 01:18:16.529 [info] /home/student/hw1/cmd>Finished running tool: /home/student/go/bin/staticcheck
2024-10-05 01:18:16.529 [info] /home/student/hw1/internal/pkg/storage.go:6:2 no required module provides package go.uber.org/zap; to add it:
2024-10-05 01:18:16.529 [info] 
2024-10-05 01:19:09.258 [info] Running checks...
2024-10-05 01:19:09.258 [info] Starting linting the current package at /home/student/hw1/internal/pkg
2024-10-05 01:19:09.538 [info] /home/student/hw1/internal/pkg>Finished running tool: /home/student/go/bin/staticcheck
2024-10-05 01:19:09.538 [info] /home/student/hw1/internal/pkg/storage.go:6:2 no required module provides package go.uber.org/zap; to add it:
2024-10-05 01:19:09.538 [info] 
2024-10-05 01:21:03.848 [info] Running checks...
2024-10-05 01:21:03.848 [info] Starting linting the current package at /home/student/hw1/internal/pkg
2024-10-05 01:21:07.231 [info] /home/student/hw1/internal/pkg>Finished running tool: /home/student/go/bin/staticcheck
2024-10-05 01:21:07.231 [info] 
2024-10-05 01:21:33.023 [info] Running checks...
2024-10-05 01:21:33.023 [info] Starting linting the current package at /home/student/hw1/internal/pkg
2024-10-05 01:21:33.348 [info] /home/student/hw1/internal/pkg>Finished running tool: /home/student/go/bin/staticcheck
2024-10-05 01:21:33.348 [info] /home/student/hw1/internal/pkg/storage.go:11:2 field logger is unused (U1000)
2024-10-05 01:21:33.348 [info] 
2024-10-05 01:22:05.653 [info] Running checks...
2024-10-05 01:22:05.653 [info] Starting linting the current package at /home/student/hw1/cmd
2024-10-05 01:22:06.187 [info] /home/student/hw1/cmd>Finished running tool: /home/student/go/bin/staticcheck
2024-10-05 01:22:06.187 [info] 
2024-10-05 01:22:37.970 [info] Running checks...
2024-10-05 01:22:37.970 [info] Starting linting the current package at /home/student/hw1/internal/pkg
2024-10-05 01:22:38.230 [info] /home/student/hw1/internal/pkg>Finished running tool: /home/student/go/bin/staticcheck
2024-10-05 01:22:38.230 [info] 
2024-10-05 01:23:13.500 [info] Running checks...
2024-10-05 01:23:13.500 [info] Starting linting the current package at /home/student/hw1/internal/pkg
2024-10-05 01:23:13.790 [info] /home/student/hw1/internal/pkg>Finished running tool: /home/student/go/bin/staticcheck
2024-10-05 01:23:13.790 [info] 
2024-10-05 01:23:58.709 [info] Running checks...
2024-10-05 01:23:58.709 [info] Starting linting the current package at /home/student/hw1/internal/pkg
2024-10-05 01:23:59.064 [info] /home/student/hw1/internal/pkg>Finished running tool: /home/student/go/bin/staticcheck
2024-10-05 01:23:59.064 [info] 
2024-10-05 01:24:22.095 [info] Running checks...
2024-10-05 01:24:22.095 [info] Starting linting the current package at /home/student/hw1/internal/pkg
2024-10-05 01:24:22.404 [info] /home/student/hw1/internal/pkg>Finished running tool: /home/student/go/bin/staticcheck
2024-10-05 01:24:22.404 [info] 
2024-10-05 01:24:29.188 [info] Running checks...
2024-10-05 01:24:29.188 [info] Starting linting the current package at /home/student/hw1/internal/pkg
2024-10-05 01:24:29.433 [info] /home/student/hw1/internal/pkg>Finished running tool: /home/student/go/bin/staticcheck
2024-10-05 01:24:29.433 [info] 
2024-10-05 01:24:30.631 [info] Running checks...
2024-10-05 01:24:30.631 [info] Starting linting the current package at /home/student/hw1/cmd
2024-10-05 01:24:30.911 [info] /home/student/hw1/cmd>Finished running tool: /home/student/go/bin/staticcheck
2024-10-05 01:24:30.912 [info] 
2024-10-05 01:24:48.116 [info] Running checks...
2024-10-05 01:24:48.116 [info] Starting linting the current package at /home/student/hw1/internal/pkg
2024-10-05 01:24:48.388 [info] /home/student/hw1/internal/pkg>Finished running tool: /home/student/go/bin/staticcheck
2024-10-05 01:24:48.388 [info] /home/student/hw1/internal/pkg/storage.go:16:27 not enough arguments in call to zap.Any
2024-10-05 01:24:48.388 [info] 
2024-10-05 01:25:03.233 [info] Running checks...
2024-10-05 01:25:03.233 [info] Starting linting the current package at /home/student/hw1/internal/pkg
2024-10-05 01:25:03.593 [info] /home/student/hw1/internal/pkg>Finished running tool: /home/student/go/bin/staticcheck
2024-10-05 01:25:03.593 [info] 
2024-10-05 01:33:43.877 [info] Running checks...
2024-10-05 01:33:43.877 [info] Starting linting the current package at /home/student/hw1/internal/pkg
2024-10-05 01:33:44.163 [info] /home/student/hw1/internal/pkg>Finished running tool: /home/student/go/bin/staticcheck
2024-10-05 01:33:44.163 [info] /home/student/hw1/internal/pkg/storage.go:11:2 field logger is unused (U1000)
2024-10-05 01:33:44.163 [info] 
2024-10-05 01:33:54.531 [info] Running checks...
2024-10-05 01:33:54.531 [info] Starting linting the current package at /home/student/hw1/internal/pkg
2024-10-05 01:33:54.804 [info] /home/student/hw1/internal/pkg>Finished running tool: /home/student/go/bin/staticcheck
2024-10-05 01:33:54.804 [info] 
2024-10-05 01:33:56.613 [info] Running checks...
2024-10-05 01:33:56.613 [info] Starting linting the current package at /home/student/hw1/cmd
2024-10-05 01:33:56.883 [info] /home/student/hw1/cmd>Finished running tool: /home/student/go/bin/staticcheck
2024-10-05 01:33:56.883 [info] 
2024-10-05 01:34:19.896 [info] Running checks...
2024-10-05 01:34:19.896 [info] Starting linting the current package at /home/student/hw1/internal/pkg
2024-10-05 01:34:20.179 [info] /home/student/hw1/internal/pkg>Finished running tool: /home/student/go/bin/staticcheck
2024-10-05 01:34:20.180 [info] 
2024-10-05 01:34:21.389 [info] Running checks...
2024-10-05 01:34:21.390 [info] Starting linting the current package at /home/student/hw1/internal/pkg
2024-10-05 01:34:21.635 [info] /home/student/hw1/internal/pkg>Finished running tool: /home/student/go/bin/staticcheck
2024-10-05 01:34:21.635 [info] 
2024-10-05 01:42:59.471 [info] Running checks...
2024-10-05 01:42:59.471 [info] Starting linting the current package at /home/student/hw1/internal/pkg
2024-10-05 01:42:59.779 [info] /home/student/hw1/internal/pkg>Finished running tool: /home/student/go/bin/staticcheck
2024-10-05 01:42:59.779 [info] 
2024-10-05 01:43:20.510 [info] Running checks...
2024-10-05 01:43:20.510 [info] Starting linting the current package at /home/student/hw1/internal/pkg
2024-10-05 01:43:20.786 [info] /home/student/hw1/internal/pkg>Finished running tool: /home/student/go/bin/staticcheck
2024-10-05 01:43:20.786 [info] 
2024-10-05 23:10:25.722 [info] Running checks...
2024-10-05 23:10:25.723 [info] Starting linting the current package at /home/student/hw1/internal/pkg
2024-10-05 23:10:26.505 [info] /home/student/hw1/internal/pkg>Finished running tool: /home/student/go/bin/staticcheck
2024-10-05 23:10:26.505 [info] 
2024-10-05 23:10:30.533 [info] Running checks...
2024-10-05 23:10:30.533 [info] Starting linting the current package at /home/student/hw1/internal/pkg
2024-10-05 23:10:30.878 [info] /home/student/hw1/internal/pkg>Finished running tool: /home/student/go/bin/staticcheck
2024-10-05 23:10:30.878 [info] 
2024-10-06 14:48:53.096 [info] Running checks...
2024-10-06 14:48:53.097 [info] Starting linting the current package at /home/student/hw1/internal/pkg
2024-10-06 14:48:53.584 [info] /home/student/hw1/internal/pkg>Finished running tool: /home/student/go/bin/staticcheck
2024-10-06 14:48:53.584 [info] 
