2024-10-07 16:46:01.729 [info] [main] Log level: Info
2024-10-07 16:46:01.729 [info] [main] Validating found git in: "git"
2024-10-07 16:46:01.729 [info] [main] Using git "2.25.1" from "git"
2024-10-07 16:46:01.729 [info] [Model][doInitialScan] Initial repository scan started
2024-10-07 16:46:01.733 [info] > git rev-parse --show-toplevel [4ms]
2024-10-07 16:46:01.733 [info] fatal: not a git repository (or any of the parent directories): .git
2024-10-07 16:46:01.755 [info] > git rev-parse --show-toplevel [3ms]
2024-10-07 16:46:01.755 [info] fatal: not a git repository (or any of the parent directories): .git
2024-10-07 16:46:01.758 [info] > git rev-parse --show-toplevel [0ms]
2024-10-07 16:46:01.758 [info] fatal: not a git repository (or any of the parent directories): .git
2024-10-07 16:46:01.760 [info] > git rev-parse --show-toplevel [1ms]
2024-10-07 16:46:01.760 [info] fatal: not a git repository (or any of the parent directories): .git
2024-10-07 16:46:01.762 [info] [Model][doInitialScan] Initial repository scan completed - repositories (0), closed repositories (0), parent repositories (0), unsafe repositories (0)
2024-10-07 17:17:44.171 [info] > git rev-parse --show-toplevel [11ms]
2024-10-07 17:18:58.503 [info] > git rev-parse --show-toplevel [0ms]
2024-10-07 17:19:56.034 [info] > git rev-parse --show-toplevel [1ms]
2024-10-07 17:19:57.146 [info] > git rev-parse --show-toplevel [1ms]
2024-10-07 17:21:06.257 [info] > git rev-parse --show-toplevel [2ms]
2024-10-07 17:23:22.660 [info] > git rev-parse --show-toplevel [0ms]
2024-10-07 17:24:01.721 [info] > git rev-parse --show-toplevel [0ms]
2024-10-07 17:24:38.986 [info] > git rev-parse --show-toplevel [1ms]
2024-10-07 17:25:55.071 [info] > git rev-parse --show-toplevel [2ms]
2024-10-07 17:26:44.199 [info] > git rev-parse --show-toplevel [1ms]
2024-10-07 17:26:58.597 [info] > git rev-parse --show-toplevel [1ms]
2024-10-07 17:27:01.569 [info] > git rev-parse --show-toplevel [2ms]
2024-10-07 17:27:12.597 [info] > git rev-parse --show-toplevel [1ms]
2024-10-07 17:28:35.838 [info] > git rev-parse --show-toplevel [1ms]
2024-10-07 17:28:47.128 [info] > git rev-parse --show-toplevel [1ms]
2024-10-07 17:36:22.019 [info] > git rev-parse --show-toplevel [1ms]
2024-10-07 17:36:43.274 [info] > git rev-parse --show-toplevel [1ms]
2024-10-07 17:41:33.681 [info] > git rev-parse --show-toplevel [1ms]
2024-10-07 17:41:55.957 [info] > git rev-parse --show-toplevel [1ms]
2024-10-07 17:41:59.631 [info] > git rev-parse --show-toplevel [1ms]
2024-10-07 17:42:42.458 [info] > git rev-parse --show-toplevel [1ms]
2024-10-07 17:42:43.586 [info] > git rev-parse --show-toplevel [2ms]
2024-10-07 17:42:46.412 [info] > git rev-parse --show-toplevel [2ms]
2024-10-07 17:44:07.183 [info] > git rev-parse --show-toplevel [11ms]
2024-10-07 22:48:19.075 [info] > git rev-parse --show-toplevel [3ms]
2024-10-08 17:48:36.313 [info] > git rev-parse --show-toplevel [1ms]
2024-10-08 18:00:36.976 [info] > git rev-parse --show-toplevel [1ms]
2024-10-08 18:07:34.730 [info] > git rev-parse --show-toplevel [1ms]
2024-10-08 18:22:24.940 [info] > git rev-parse --show-toplevel [1ms]
2024-10-08 18:37:37.816 [info] > git rev-parse --show-toplevel [1ms]
2024-10-08 18:37:53.624 [info] > git rev-parse --show-toplevel [1ms]
2024-10-08 18:39:19.466 [info] > git rev-parse --show-toplevel [1ms]
2024-10-08 18:39:31.814 [info] > git rev-parse --show-toplevel [0ms]
2024-10-08 18:39:33.788 [info] > git rev-parse --show-toplevel [1ms]
2024-10-08 18:47:49.820 [info] > git rev-parse --show-toplevel [1ms]
2024-10-08 18:47:53.752 [info] > git rev-parse --show-toplevel [0ms]
2024-10-08 18:48:23.743 [info] > git rev-parse --show-toplevel [0ms]
2024-10-08 18:48:34.310 [info] > git rev-parse --show-toplevel [0ms]
2024-10-08 18:48:45.652 [info] > git rev-parse --show-toplevel [1ms]
2024-10-08 18:48:49.334 [info] > git rev-parse --show-toplevel [0ms]
2024-10-08 18:49:44.418 [info] > git rev-parse --show-toplevel [1ms]
2024-10-09 10:18:48.873 [info] > git rev-parse --show-toplevel [13ms]
