2024-10-04 11:01:07.738 [info] [main] Log level: Info
2024-10-04 11:01:07.738 [info] [main] Validating found git in: "git"
2024-10-04 11:01:07.738 [info] [main] Using git "2.25.1" from "git"
2024-10-04 11:01:07.738 [info] [Model][doInitialScan] Initial repository scan started
2024-10-04 11:01:07.738 [info] > git rev-parse --show-toplevel [2ms]
2024-10-04 11:01:07.738 [info] fatal: not a git repository (or any of the parent directories): .git
2024-10-04 11:01:07.738 [info] [Model][doInitialScan] Initial repository scan completed - repositories (0), closed repositories (0), parent repositories (0), unsafe repositories (0)
2024-10-04 11:01:53.531 [info] > git rev-parse --show-toplevel [1ms]
2024-10-04 11:01:53.531 [info] fatal: not a git repository (or any of the parent directories): .git
2024-10-04 14:02:38.045 [info] > git rev-parse --show-toplevel [10ms]
2024-10-04 14:02:38.046 [info] fatal: not a git repository (or any of the parent directories): .git
2024-10-04 22:59:21.010 [info] > git rev-parse --show-toplevel [10ms]
2024-10-04 22:59:21.010 [info] fatal: not a git repository (or any of the parent directories): .git
2024-10-04 23:03:10.600 [info] > git rev-parse --show-toplevel [2ms]
2024-10-04 23:03:10.600 [info] fatal: not a git repository (or any of the parent directories): .git
2024-10-04 23:03:20.590 [info] > git rev-parse --show-toplevel [1ms]
2024-10-04 23:03:20.590 [info] fatal: not a git repository (or any of the parent directories): .git
2024-10-04 23:04:46.396 [info] > git rev-parse --show-toplevel [2ms]
2024-10-04 23:04:46.396 [info] fatal: not a git repository (or any of the parent directories): .git
2024-10-04 23:04:59.839 [info] > git rev-parse --show-toplevel [1ms]
2024-10-04 23:04:59.839 [info] fatal: not a git repository (or any of the parent directories): .git
2024-10-04 23:06:22.379 [info] > git rev-parse --show-toplevel [2ms]
2024-10-04 23:06:22.379 [info] fatal: not a git repository (or any of the parent directories): .git
